[ N 2025-09-10 17:12:39.4971 21088/T1 age/Wat/WatchdogMain.cpp:1365 ]: Starting Passenger watchdog...
[ N 2025-09-10 17:12:39.5151 21090/T1 age/Cor/CoreMain.cpp:1283 ]: Starting Passenger core...
[ N 2025-09-10 17:12:39.5153 21090/T1 age/Cor/CoreMain.cpp:244 ]: Passenger core running in multi-application mode.
[ N 2025-09-10 17:12:39.5327 21090/T1 age/Cor/CoreMain.cpp:961 ]: Passenger core online, PID 21090
App 21128 output: Error: The application encountered the following error: Could not find gem 'rack (~> 2.2)' in locally installed gems.
App 21128 output:  (Bundler::GemNotFound)
App 21128 output:     /Users/spoddub/.rbenv/versions/3.4.5/lib/ruby/3.4.0/bundler/resolver.rb:358:in 'Bundler::Resolver#raise_not_found!'
App 21128 output:     /Users/spoddub/.rbenv/versions/3.4.5/lib/ruby/3.4.0/bundler/resolver.rb:452:in 'block in Bundler::Resolver#prepare_dependencies'
App 21128 output:     /Users/spoddub/.rbenv/versions/3.4.5/lib/ruby/3.4.0/bundler/resolver.rb:427:in 'Hash#each'
App 21128 output:     /Users/spoddub/.rbenv/versions/3.4.5/lib/ruby/3.4.0/bundler/resolver.rb:427:in 'Enumerable#filter_map'
App 21128 output:     /Users/spoddub/.rbenv/versions/3.4.5/lib/ruby/3.4.0/bundler/resolver.rb:427:in 'Bundler::Resolver#prepare_dependencies'
App 21128 output:     /Users/spoddub/.rbenv/versions/3.4.5/lib/ruby/3.4.0/bundler/resolver.rb:65:in 'Bundler::Resolver#setup_solver'
App 21128 output:     /Users/spoddub/.rbenv/versions/3.4.5/lib/ruby/3.4.0/bundler/resolver.rb:30:in 'Bundler::Resolver#start'
App 21128 output:     /Users/spoddub/.rbenv/versions/3.4.5/lib/ruby/3.4.0/bundler/definition.rb:745:in 'Bundler::Definition#start_resolution'
App 21128 output:     /Users/spoddub/.rbenv/versions/3.4.5/lib/ruby/3.4.0/bundler/definition.rb:342:in 'Bundler::Definition#resolve'
App 21128 output:     /Users/spoddub/.rbenv/versions/3.4.5/lib/ruby/3.4.0/bundler/definition.rb:653:in 'Bundler::Definition#materialize'
App 21128 output:     /Users/spoddub/.rbenv/versions/3.4.5/lib/ruby/3.4.0/bundler/definition.rb:237:in 'Bundler::Definition#specs'
App 21128 output:     /Users/spoddub/.rbenv/versions/3.4.5/lib/ruby/3.4.0/bundler/definition.rb:304:in 'Bundler::Definition#specs_for'
App 21128 output:     /Users/spoddub/.rbenv/versions/3.4.5/lib/ruby/3.4.0/bundler/runtime.rb:18:in 'Bundler::Runtime#setup'
App 21128 output:     /Users/spoddub/.rbenv/versions/3.4.5/lib/ruby/3.4.0/bundler.rb:167:in 'Bundler.setup'
App 21128 output:     /Users/spoddub/.rbenv/versions/3.4.5/lib/ruby/3.4.0/bundler/setup.rb:32:in 'block in <top (required)>'
App 21128 output:     /Users/spoddub/.rbenv/versions/3.4.5/lib/ruby/3.4.0/bundler/ui/shell.rb:173:in 'Bundler::UI::Shell#with_level'
App 21128 output:     /Users/spoddub/.rbenv/versions/3.4.5/lib/ruby/3.4.0/bundler/ui/shell.rb:119:in 'Bundler::UI::Shell#silence'
App 21128 output:     /Users/spoddub/.rbenv/versions/3.4.5/lib/ruby/3.4.0/bundler/setup.rb:32:in '<top (required)>'
App 21128 output:     <internal:/Users/spoddub/.rbenv/versions/3.4.5/lib/ruby/3.4.0/rubygems/core_ext/kernel_require.rb>:136:in 'Kernel#require'
App 21128 output:     <internal:/Users/spoddub/.rbenv/versions/3.4.5/lib/ruby/3.4.0/rubygems/core_ext/kernel_require.rb>:136:in 'Kernel#require'
App 21128 output:     /Users/spoddub/.rbenv/versions/3.4.5/lib/ruby/gems/3.4.0/gems/passenger-6.0.27/src/ruby_supportlib/phusion_passenger/loader_shared_helpers.rb:382:in 'PhusionPassenger::LoaderSharedHelpers#activate_gem'
App 21128 output:     /Users/spoddub/.rbenv/versions/3.4.5/lib/ruby/gems/3.4.0/gems/passenger-6.0.27/src/ruby_supportlib/phusion_passenger/loader_shared_helpers.rb:221:in 'block in PhusionPassenger::LoaderSharedHelpers#run_load_path_setup_code'
App 21128 output:     /Users/spoddub/.rbenv/versions/3.4.5/lib/ruby/gems/3.4.0/gems/passenger-6.0.27/src/ruby_supportlib/phusion_passenger/loader_shared_helpers.rb:554:in 'PhusionPassenger::LoaderSharedHelpers#running_bundler'
App 21128 output:     /Users/spoddub/.rbenv/versions/3.4.5/lib/ruby/gems/3.4.0/gems/passenger-6.0.27/src/ruby_supportlib/phusion_passenger/loader_shared_helpers.rb:220:in 'PhusionPassenger::LoaderSharedHelpers#run_load_path_setup_code'
App 21128 output:     /Users/spoddub/.rbenv/versions/3.4.5/lib/ruby/gems/3.4.0/gems/passenger-6.0.27/src/helper-scripts/rack-preloader.rb:91:in 'PhusionPassenger::App.preload_app'
App 21128 output:     /Users/spoddub/.rbenv/versions/3.4.5/lib/ruby/gems/3.4.0/gems/passenger-6.0.27/src/helper-scripts/rack-preloader.rb:189:in 'block in <module:App>'
App 21128 output:     /Users/spoddub/.rbenv/versions/3.4.5/lib/ruby/gems/3.4.0/gems/passenger-6.0.27/src/ruby_supportlib/phusion_passenger/loader_shared_helpers.rb:399:in 'PhusionPassenger::LoaderSharedHelpers#run_block_and_record_step_progress'
App 21128 output:     /Users/spoddub/.rbenv/versions/3.4.5/lib/ruby/gems/3.4.0/gems/passenger-6.0.27/src/helper-scripts/rack-preloader.rb:188:in '<module:App>'
App 21128 output:     /Users/spoddub/.rbenv/versions/3.4.5/lib/ruby/gems/3.4.0/gems/passenger-6.0.27/src/helper-scripts/rack-preloader.rb:30:in '<module:PhusionPassenger>'
App 21128 output:     /Users/spoddub/.rbenv/versions/3.4.5/lib/ruby/gems/3.4.0/gems/passenger-6.0.27/src/helper-scripts/rack-preloader.rb:29:in '<main>'
[ E 2025-09-10 17:12:42.1701 21090/Tw age/Cor/App/Implementation.cpp:218 ]: Could not spawn process for application /Users/spoddub/rails-playground: The application encountered the following error: Could not find gem 'rack (~> 2.2)' in locally installed gems.
 (Bundler::GemNotFound)
  Error ID: 3ae8cb9a
  Error details saved to: /var/folders/0s/b7wd8ly50v5cr445yyk62hx00000gn/T//passenger-error-dcsGEk.html

[ E 2025-09-10 17:12:42.1715 21090/T9 age/Cor/Con/CheckoutSession.cpp:370 ]: [Client 1-1] Cannot checkout session because a spawning error occurred. The identifier of the error is 3ae8cb9a. Please see earlier logs for details about the error.
[ E 2025-09-10 17:13:45.5239 21090/T6 age/Cor/SecurityUpdateChecker.h:506 ]: Security update check failed: SSL connect error while connecting to https://securitycheck.phusionpassenger.com/v1/check.json (if this error persists check your connection security or try upgrading Passenger) (next check in 24 hours)

[ N 2025-09-10 17:15:55.5571 21090/T9 age/Cor/CoreMain.cpp:659 ]: Signal received. Gracefully shutting down... (send signal 2 more time(s) to force shutdown)
[ N 2025-09-10 17:15:55.5571 21090/T1 age/Cor/CoreMain.cpp:1192 ]: Received command to shutdown gracefully. Waiting until all clients have disconnected...
[ N 2025-09-10 17:15:55.5571 21090/T9 Ser/Server.h:895 ]: [ServerThr.1] Freed 0 spare client objects
[ N 2025-09-10 17:15:55.5571 21090/T9 Ser/Server.h:552 ]: [ServerThr.1] Shutdown finished
[ N 2025-09-10 17:15:55.5571 21090/Tk Ser/Server.h:895 ]: [ServerThr.6] Freed 0 spare client objects
[ N 2025-09-10 17:15:55.5572 21090/Tf Ser/Server.h:895 ]: [ServerThr.4] Freed 0 spare client objects
[ N 2025-09-10 17:15:55.5572 21090/Tr Ser/Server.h:895 ]: [ServerThr.10] Freed 0 spare client objects
[ N 2025-09-10 17:15:55.5572 21090/Tf Ser/Server.h:552 ]: [ServerThr.4] Shutdown finished
[ N 2025-09-10 17:15:55.5571 21090/Th Ser/Server.h:895 ]: [ServerThr.5] Freed 0 spare client objects
[ N 2025-09-10 17:15:55.5573 21090/Tt Ser/Server.h:895 ]: [ApiServer] Freed 0 spare client objects
[ N 2025-09-10 17:15:55.5572 21090/Tp Ser/Server.h:895 ]: [ServerThr.9] Freed 0 spare client objects
[ N 2025-09-10 17:15:55.5573 21090/Tp Ser/Server.h:552 ]: [ServerThr.9] Shutdown finished
[ N 2025-09-10 17:15:55.5572 21090/Tn Ser/Server.h:895 ]: [ServerThr.8] Freed 0 spare client objects
[ N 2025-09-10 17:15:55.5573 21090/Th Ser/Server.h:552 ]: [ServerThr.5] Shutdown finished
[ N 2025-09-10 17:15:55.5572 21090/Tr Ser/Server.h:552 ]: [ServerThr.10] Shutdown finished
[ N 2025-09-10 17:15:55.5572 21090/Td Ser/Server.h:895 ]: [ServerThr.3] Freed 0 spare client objects
[ N 2025-09-10 17:15:55.5574 21090/Td Ser/Server.h:552 ]: [ServerThr.3] Shutdown finished
[ N 2025-09-10 17:15:55.5572 21090/Tm Ser/Server.h:895 ]: [ServerThr.7] Freed 0 spare client objects
[ N 2025-09-10 17:15:55.5573 21090/Tn Ser/Server.h:552 ]: [ServerThr.8] Shutdown finished
[ N 2025-09-10 17:15:55.5574 21090/Tm Ser/Server.h:552 ]: [ServerThr.7] Shutdown finished
[ N 2025-09-10 17:15:55.5573 21090/Tt Ser/Server.h:552 ]: [ApiServer] Shutdown finished
[ N 2025-09-10 17:15:55.5572 21090/Tk Ser/Server.h:552 ]: [ServerThr.6] Shutdown finished
[ N 2025-09-10 17:15:55.5571 21090/Tb Ser/Server.h:895 ]: [ServerThr.2] Freed 0 spare client objects
[ N 2025-09-10 17:15:55.5574 21090/Tb Ser/Server.h:552 ]: [ServerThr.2] Shutdown finished
[ E 2025-09-10 17:16:00.5734 21090/T1 age/Cor/TelemetryCollector.h:455 ]: Error contacting anonymous telemetry server: Connection timed out after 5002 milliseconds
[ N 2025-09-10 17:16:00.7070 21090/T1 age/Cor/CoreMain.cpp:1268 ]: Passenger core shutdown finished
[ N 2025-09-10 17:16:24.7652 22333/T1 age/Wat/WatchdogMain.cpp:1365 ]: Starting Passenger watchdog...
[ N 2025-09-10 17:16:24.7792 22335/T1 age/Cor/CoreMain.cpp:1283 ]: Starting Passenger core...
[ N 2025-09-10 17:16:24.7793 22335/T1 age/Cor/CoreMain.cpp:244 ]: Passenger core running in multi-application mode.
[ N 2025-09-10 17:16:24.7946 22335/T1 age/Cor/CoreMain.cpp:961 ]: Passenger core online, PID 22335
[ E 2025-09-10 17:17:30.6785 22335/T6 age/Cor/SecurityUpdateChecker.h:506 ]: Security update check failed: SSL connect error while connecting to https://securitycheck.phusionpassenger.com/v1/check.json (if this error persists check your connection security or try upgrading Passenger) (next check in 24 hours)

[ N 2025-09-10 17:18:36.2799 22335/T9 age/Cor/CoreMain.cpp:659 ]: Signal received. Gracefully shutting down... (send signal 2 more time(s) to force shutdown)
[ N 2025-09-10 17:18:36.2799 22335/T1 age/Cor/CoreMain.cpp:1192 ]: Received command to shutdown gracefully. Waiting until all clients have disconnected...
[ N 2025-09-10 17:18:36.2800 22335/T1 age/Cor/CoreMain.cpp:1093 ]: Checking whether to disconnect long-running connections for process 22400, application /Users/spoddub/rails-playground (development)
[ N 2025-09-10 17:18:36.2801 22335/T9 Ser/Server.h:895 ]: [ServerThr.1] Freed 0 spare client objects
[ N 2025-09-10 17:18:36.2801 22335/Td Ser/Server.h:895 ]: [ServerThr.3] Freed 0 spare client objects
[ N 2025-09-10 17:18:36.2801 22335/Tr Ser/Server.h:895 ]: [ServerThr.10] Freed 0 spare client objects
[ N 2025-09-10 17:18:36.2802 22335/Td Ser/Server.h:552 ]: [ServerThr.3] Shutdown finished
[ N 2025-09-10 17:18:36.2801 22335/Tb Ser/Server.h:895 ]: [ServerThr.2] Freed 0 spare client objects
[ N 2025-09-10 17:18:36.2801 22335/Tm Ser/Server.h:895 ]: [ServerThr.7] Freed 0 spare client objects
[ N 2025-09-10 17:18:36.2803 22335/Tb Ser/Server.h:552 ]: [ServerThr.2] Shutdown finished
[ N 2025-09-10 17:18:36.2801 22335/Tf Ser/Server.h:895 ]: [ServerThr.4] Freed 0 spare client objects
[ N 2025-09-10 17:18:36.2801 22335/Tq Ser/Server.h:895 ]: [ServerThr.9] Freed 0 spare client objects
[ N 2025-09-10 17:18:36.2802 22335/Tj Ser/Server.h:895 ]: [ServerThr.6] Freed 0 spare client objects
[ N 2025-09-10 17:18:36.2801 22335/Tn Ser/Server.h:895 ]: [ServerThr.8] Freed 0 spare client objects
[ N 2025-09-10 17:18:36.2803 22335/Tj Ser/Server.h:552 ]: [ServerThr.6] Shutdown finished
[ N 2025-09-10 17:18:36.2803 22335/Tf Ser/Server.h:552 ]: [ServerThr.4] Shutdown finished
[ N 2025-09-10 17:18:36.2803 22335/Tq Ser/Server.h:552 ]: [ServerThr.9] Shutdown finished
[ N 2025-09-10 17:18:36.2803 22335/Tm Ser/Server.h:552 ]: [ServerThr.7] Shutdown finished
[ N 2025-09-10 17:18:36.2801 22335/T9 Ser/Server.h:552 ]: [ServerThr.1] Shutdown finished
[ N 2025-09-10 17:18:36.2803 22335/Tt Ser/Server.h:895 ]: [ApiServer] Freed 0 spare client objects
[ N 2025-09-10 17:18:36.2802 22335/Tr Ser/Server.h:552 ]: [ServerThr.10] Shutdown finished
[ N 2025-09-10 17:18:36.2803 22335/Tn Ser/Server.h:552 ]: [ServerThr.8] Shutdown finished
[ N 2025-09-10 17:18:36.2805 22335/Tt Ser/Server.h:552 ]: [ApiServer] Shutdown finished
[ N 2025-09-10 17:18:36.2801 22335/Th Ser/Server.h:895 ]: [ServerThr.5] Freed 0 spare client objects
[ N 2025-09-10 17:18:36.2806 22335/Th Ser/Server.h:552 ]: [ServerThr.5] Shutdown finished
[ N 2025-09-10 17:18:36.2806 22335/T1 age/Cor/CoreMain.cpp:1093 ]: Checking whether to disconnect long-running connections for process 22400, application /Users/spoddub/rails-playground (development)
[ N 2025-09-10 17:18:37.3497 22590/T1 age/Wat/WatchdogMain.cpp:1365 ]: Starting Passenger watchdog...
[ N 2025-09-10 17:18:37.3638 22592/T1 age/Cor/CoreMain.cpp:1283 ]: Starting Passenger core...
[ N 2025-09-10 17:18:37.3639 22592/T1 age/Cor/CoreMain.cpp:244 ]: Passenger core running in multi-application mode.
[ N 2025-09-10 17:18:37.3788 22592/T1 age/Cor/CoreMain.cpp:961 ]: Passenger core online, PID 22592
App 22630 output: Error: The application encountered the following error: Could not find puma-7.0.2, rack-3.2.1, rackup-2.2.1, nio4r-2.7.4 in locally installed gems (Bundler::GemNotFound)
App 22630 output:     /Users/spoddub/.rbenv/versions/3.4.5/lib/ruby/3.4.0/bundler/definition.rb:691:in 'Bundler::Definition#materialize'
App 22630 output:     /Users/spoddub/.rbenv/versions/3.4.5/lib/ruby/3.4.0/bundler/definition.rb:237:in 'Bundler::Definition#specs'
App 22630 output:     /Users/spoddub/.rbenv/versions/3.4.5/lib/ruby/3.4.0/bundler/definition.rb:304:in 'Bundler::Definition#specs_for'
App 22630 output:     /Users/spoddub/.rbenv/versions/3.4.5/lib/ruby/3.4.0/bundler/runtime.rb:18:in 'Bundler::Runtime#setup'
App 22630 output:     /Users/spoddub/.rbenv/versions/3.4.5/lib/ruby/3.4.0/bundler.rb:167:in 'Bundler.setup'
App 22630 output:     /Users/spoddub/.rbenv/versions/3.4.5/lib/ruby/3.4.0/bundler/setup.rb:32:in 'block in <top (required)>'
App 22630 output:     /Users/spoddub/.rbenv/versions/3.4.5/lib/ruby/3.4.0/bundler/ui/shell.rb:173:in 'Bundler::UI::Shell#with_level'
App 22630 output:     /Users/spoddub/.rbenv/versions/3.4.5/lib/ruby/3.4.0/bundler/ui/shell.rb:119:in 'Bundler::UI::Shell#silence'
App 22630 output:     /Users/spoddub/.rbenv/versions/3.4.5/lib/ruby/3.4.0/bundler/setup.rb:32:in '<top (required)>'
App 22630 output:     <internal:/Users/spoddub/.rbenv/versions/3.4.5/lib/ruby/3.4.0/rubygems/core_ext/kernel_require.rb>:136:in 'Kernel#require'
App 22630 output:     <internal:/Users/spoddub/.rbenv/versions/3.4.5/lib/ruby/3.4.0/rubygems/core_ext/kernel_require.rb>:136:in 'Kernel#require'
App 22630 output:     /Users/spoddub/.rbenv/versions/3.4.5/lib/ruby/gems/3.4.0/gems/passenger-6.0.27/src/ruby_supportlib/phusion_passenger/loader_shared_helpers.rb:382:in 'PhusionPassenger::LoaderSharedHelpers#activate_gem'
App 22630 output:     /Users/spoddub/.rbenv/versions/3.4.5/lib/ruby/gems/3.4.0/gems/passenger-6.0.27/src/ruby_supportlib/phusion_passenger/loader_shared_helpers.rb:221:in 'block in PhusionPassenger::LoaderSharedHelpers#run_load_path_setup_code'
App 22630 output:     /Users/spoddub/.rbenv/versions/3.4.5/lib/ruby/gems/3.4.0/gems/passenger-6.0.27/src/ruby_supportlib/phusion_passenger/loader_shared_helpers.rb:554:in 'PhusionPassenger::LoaderSharedHelpers#running_bundler'
App 22630 output:     /Users/spoddub/.rbenv/versions/3.4.5/lib/ruby/gems/3.4.0/gems/passenger-6.0.27/src/ruby_supportlib/phusion_passenger/loader_shared_helpers.rb:220:in 'PhusionPassenger::LoaderSharedHelpers#run_load_path_setup_code'
App 22630 output:     /Users/spoddub/.rbenv/versions/3.4.5/lib/ruby/gems/3.4.0/gems/passenger-6.0.27/src/helper-scripts/rack-preloader.rb:91:in 'PhusionPassenger::App.preload_app'
App 22630 output:     /Users/spoddub/.rbenv/versions/3.4.5/lib/ruby/gems/3.4.0/gems/passenger-6.0.27/src/helper-scripts/rack-preloader.rb:189:in 'block in <module:App>'
App 22630 output:     /Users/spoddub/.rbenv/versions/3.4.5/lib/ruby/gems/3.4.0/gems/passenger-6.0.27/src/ruby_supportlib/phusion_passenger/loader_shared_helpers.rb:399:in 'PhusionPassenger::LoaderSharedHelpers#run_block_and_record_step_progress'
App 22630 output:     /Users/spoddub/.rbenv/versions/3.4.5/lib/ruby/gems/3.4.0/gems/passenger-6.0.27/src/helper-scripts/rack-preloader.rb:188:in '<module:App>'
App 22630 output:     /Users/spoddub/.rbenv/versions/3.4.5/lib/ruby/gems/3.4.0/gems/passenger-6.0.27/src/helper-scripts/rack-preloader.rb:30:in '<module:PhusionPassenger>'
App 22630 output:     /Users/spoddub/.rbenv/versions/3.4.5/lib/ruby/gems/3.4.0/gems/passenger-6.0.27/src/helper-scripts/rack-preloader.rb:29:in '<main>'
[ E 2025-09-10 17:18:39.7430 22592/Tw age/Cor/App/Implementation.cpp:218 ]: Could not spawn process for application /Users/spoddub/rails-playground: The application encountered the following error: Could not find puma-7.0.2, rack-3.2.1, rackup-2.2.1, nio4r-2.7.4 in locally installed gems (Bundler::GemNotFound)
  Error ID: 293567ed
  Error details saved to: /var/folders/0s/b7wd8ly50v5cr445yyk62hx00000gn/T//passenger-error-cYjxYu.html

[ E 2025-09-10 17:18:39.7448 22592/T9 age/Cor/Con/CheckoutSession.cpp:370 ]: [Client 1-1] Cannot checkout session because a spawning error occurred. The identifier of the error is 293567ed. Please see earlier logs for details about the error.
[ E 2025-09-10 17:18:41.4058 22335/T1 age/Cor/TelemetryCollector.h:455 ]: Error contacting anonymous telemetry server: Connection timed out after 5002 milliseconds
[ N 2025-09-10 17:18:41.5437 22335/T1 age/Cor/CoreMain.cpp:1268 ]: Passenger core shutdown finished

[ N 2025-09-10 17:18:51.9741 22592/T9 age/Cor/CoreMain.cpp:659 ]: Signal received. Gracefully shutting down... (send signal 2 more time(s) to force shutdown)
[ N 2025-09-10 17:18:51.9742 22592/T1 age/Cor/CoreMain.cpp:1192 ]: Received command to shutdown gracefully. Waiting until all clients have disconnected...
[ N 2025-09-10 17:18:51.9742 22592/T9 Ser/Server.h:895 ]: [ServerThr.1] Freed 0 spare client objects
[ N 2025-09-10 17:18:51.9743 22592/Tj Ser/Server.h:895 ]: [ServerThr.6] Freed 0 spare client objects
[ N 2025-09-10 17:18:51.9743 22592/To Ser/Server.h:895 ]: [ServerThr.8] Freed 0 spare client objects
[ N 2025-09-10 17:18:51.9743 22592/Th Ser/Server.h:895 ]: [ServerThr.5] Freed 0 spare client objects
[ N 2025-09-10 17:18:51.9743 22592/To Ser/Server.h:552 ]: [ServerThr.8] Shutdown finished
[ N 2025-09-10 17:18:51.9743 22592/Th Ser/Server.h:552 ]: [ServerThr.5] Shutdown finished
[ N 2025-09-10 17:18:51.9743 22592/Tm Ser/Server.h:895 ]: [ServerThr.7] Freed 0 spare client objects
[ N 2025-09-10 17:18:51.9743 22592/Te Ser/Server.h:895 ]: [ServerThr.3] Freed 0 spare client objects
[ N 2025-09-10 17:18:51.9742 22592/Tb Ser/Server.h:895 ]: [ServerThr.2] Freed 0 spare client objects
[ N 2025-09-10 17:18:51.9744 22592/Te Ser/Server.h:552 ]: [ServerThr.3] Shutdown finished
[ N 2025-09-10 17:18:51.9743 22592/Tr Ser/Server.h:895 ]: [ServerThr.10] Freed 0 spare client objects
[ N 2025-09-10 17:18:51.9743 22592/Tj Ser/Server.h:552 ]: [ServerThr.6] Shutdown finished
[ N 2025-09-10 17:18:51.9743 22592/Tp Ser/Server.h:895 ]: [ServerThr.9] Freed 0 spare client objects
[ N 2025-09-10 17:18:51.9744 22592/Tr Ser/Server.h:552 ]: [ServerThr.10] Shutdown finished
[ N 2025-09-10 17:18:51.9743 22592/Tg Ser/Server.h:895 ]: [ServerThr.4] Freed 0 spare client objects
[ N 2025-09-10 17:18:51.9744 22592/Tm Ser/Server.h:552 ]: [ServerThr.7] Shutdown finished
[ N 2025-09-10 17:18:51.9744 22592/Tu Ser/Server.h:895 ]: [ApiServer] Freed 0 spare client objects
[ N 2025-09-10 17:18:51.9744 22592/Tb Ser/Server.h:552 ]: [ServerThr.2] Shutdown finished
[ N 2025-09-10 17:18:51.9744 22592/Tg Ser/Server.h:552 ]: [ServerThr.4] Shutdown finished
[ N 2025-09-10 17:18:51.9744 22592/Tu Ser/Server.h:552 ]: [ApiServer] Shutdown finished
[ N 2025-09-10 17:18:51.9743 22592/T9 Ser/Server.h:552 ]: [ServerThr.1] Shutdown finished
[ N 2025-09-10 17:18:51.9744 22592/Tp Ser/Server.h:552 ]: [ServerThr.9] Shutdown finished
[ N 2025-09-10 17:18:54.7675 22783/T1 age/Wat/WatchdogMain.cpp:1365 ]: Starting Passenger watchdog...
[ N 2025-09-10 17:18:54.7822 22785/T1 age/Cor/CoreMain.cpp:1283 ]: Starting Passenger core...
[ N 2025-09-10 17:18:54.7824 22785/T1 age/Cor/CoreMain.cpp:244 ]: Passenger core running in multi-application mode.
[ N 2025-09-10 17:18:54.7973 22785/T1 age/Cor/CoreMain.cpp:961 ]: Passenger core online, PID 22785
[ E 2025-09-10 17:18:56.9909 22592/T1 age/Cor/TelemetryCollector.h:455 ]: Error contacting anonymous telemetry server: Connection timed out after 5002 milliseconds
App 22819 output: Error: The application encountered the following error: Could not find puma-7.0.2, rack-3.2.1, rackup-2.2.1, nio4r-2.7.4 in locally installed gems (Bundler::GemNotFound)
App 22819 output:     /Users/spoddub/.rbenv/versions/3.4.5/lib/ruby/3.4.0/bundler/definition.rb:691:in 'Bundler::Definition#materialize'
App 22819 output:     /Users/spoddub/.rbenv/versions/3.4.5/lib/ruby/3.4.0/bundler/definition.rb:237:in 'Bundler::Definition#specs'
App 22819 output:     /Users/spoddub/.rbenv/versions/3.4.5/lib/ruby/3.4.0/bundler/definition.rb:304:in 'Bundler::Definition#specs_for'
App 22819 output:     /Users/spoddub/.rbenv/versions/3.4.5/lib/ruby/3.4.0/bundler/runtime.rb:18:in 'Bundler::Runtime#setup'
App 22819 output:     /Users/spoddub/.rbenv/versions/3.4.5/lib/ruby/3.4.0/bundler.rb:167:in 'Bundler.setup'
App 22819 output:     /Users/spoddub/.rbenv/versions/3.4.5/lib/ruby/3.4.0/bundler/setup.rb:32:in 'block in <top (required)>'
App 22819 output:     /Users/spoddub/.rbenv/versions/3.4.5/lib/ruby/3.4.0/bundler/ui/shell.rb:173:in 'Bundler::UI::Shell#with_level'
App 22819 output:     /Users/spoddub/.rbenv/versions/3.4.5/lib/ruby/3.4.0/bundler/ui/shell.rb:119:in 'Bundler::UI::Shell#silence'
App 22819 output:     /Users/spoddub/.rbenv/versions/3.4.5/lib/ruby/3.4.0/bundler/setup.rb:32:in '<top (required)>'
App 22819 output:     <internal:/Users/spoddub/.rbenv/versions/3.4.5/lib/ruby/3.4.0/rubygems/core_ext/kernel_require.rb>:136:in 'Kernel#require'
App 22819 output:     <internal:/Users/spoddub/.rbenv/versions/3.4.5/lib/ruby/3.4.0/rubygems/core_ext/kernel_require.rb>:136:in 'Kernel#require'
App 22819 output:     /Users/spoddub/.rbenv/versions/3.4.5/lib/ruby/gems/3.4.0/gems/passenger-6.0.27/src/ruby_supportlib/phusion_passenger/loader_shared_helpers.rb:382:in 'PhusionPassenger::LoaderSharedHelpers#activate_gem'
App 22819 output:     /Users/spoddub/.rbenv/versions/3.4.5/lib/ruby/gems/3.4.0/gems/passenger-6.0.27/src/ruby_supportlib/phusion_passenger/loader_shared_helpers.rb:221:in 'block in PhusionPassenger::LoaderSharedHelpers#run_load_path_setup_code'
App 22819 output:     /Users/spoddub/.rbenv/versions/3.4.5/lib/ruby/gems/3.4.0/gems/passenger-6.0.27/src/ruby_supportlib/phusion_passenger/loader_shared_helpers.rb:554:in 'PhusionPassenger::LoaderSharedHelpers#running_bundler'
App 22819 output:     /Users/spoddub/.rbenv/versions/3.4.5/lib/ruby/gems/3.4.0/gems/passenger-6.0.27/src/ruby_supportlib/phusion_passenger/loader_shared_helpers.rb:220:in 'PhusionPassenger::LoaderSharedHelpers#run_load_path_setup_code'
App 22819 output:     /Users/spoddub/.rbenv/versions/3.4.5/lib/ruby/gems/3.4.0/gems/passenger-6.0.27/src/helper-scripts/rack-preloader.rb:91:in 'PhusionPassenger::App.preload_app'
App 22819 output:     /Users/spoddub/.rbenv/versions/3.4.5/lib/ruby/gems/3.4.0/gems/passenger-6.0.27/src/helper-scripts/rack-preloader.rb:189:in 'block in <module:App>'
App 22819 output:     /Users/spoddub/.rbenv/versions/3.4.5/lib/ruby/gems/3.4.0/gems/passenger-6.0.27/src/ruby_supportlib/phusion_passenger/loader_shared_helpers.rb:399:in 'PhusionPassenger::LoaderSharedHelpers#run_block_and_record_step_progress'
App 22819 output:     /Users/spoddub/.rbenv/versions/3.4.5/lib/ruby/gems/3.4.0/gems/passenger-6.0.27/src/helper-scripts/rack-preloader.rb:188:in '<module:App>'
App 22819 output:     /Users/spoddub/.rbenv/versions/3.4.5/lib/ruby/gems/3.4.0/gems/passenger-6.0.27/src/helper-scripts/rack-preloader.rb:30:in '<module:PhusionPassenger>'
App 22819 output:     /Users/spoddub/.rbenv/versions/3.4.5/lib/ruby/gems/3.4.0/gems/passenger-6.0.27/src/helper-scripts/rack-preloader.rb:29:in '<main>'
[ E 2025-09-10 17:18:57.1434 22785/Tw age/Cor/App/Implementation.cpp:218 ]: Could not spawn process for application /Users/spoddub/rails-playground: The application encountered the following error: Could not find puma-7.0.2, rack-3.2.1, rackup-2.2.1, nio4r-2.7.4 in locally installed gems (Bundler::GemNotFound)
  Error ID: 68e66f8d
  Error details saved to: /var/folders/0s/b7wd8ly50v5cr445yyk62hx00000gn/T//passenger-error-hdYRpe.html

[ E 2025-09-10 17:18:57.1450 22785/T9 age/Cor/Con/CheckoutSession.cpp:370 ]: [Client 1-1] Cannot checkout session because a spawning error occurred. The identifier of the error is 68e66f8d. Please see earlier logs for details about the error.

[ N 2025-09-10 17:19:05.8103 22785/T9 age/Cor/CoreMain.cpp:659 ]: Signal received. Gracefully shutting down... (send signal 2 more time(s) to force shutdown)
[ N 2025-09-10 17:19:05.8104 22785/T1 age/Cor/CoreMain.cpp:1192 ]: Received command to shutdown gracefully. Waiting until all clients have disconnected...
[ N 2025-09-10 17:19:05.8104 22785/T9 Ser/Server.h:895 ]: [ServerThr.1] Freed 0 spare client objects
[ N 2025-09-10 17:19:05.8105 22785/Td Ser/Server.h:895 ]: [ServerThr.3] Freed 0 spare client objects
[ N 2025-09-10 17:19:05.8105 22785/Td Ser/Server.h:552 ]: [ServerThr.3] Shutdown finished
[ N 2025-09-10 17:19:05.8105 22785/Tf Ser/Server.h:895 ]: [ServerThr.4] Freed 0 spare client objects
[ N 2025-09-10 17:19:05.8105 22785/T9 Ser/Server.h:552 ]: [ServerThr.1] Shutdown finished
[ N 2025-09-10 17:19:05.8105 22785/Tj Ser/Server.h:895 ]: [ServerThr.6] Freed 0 spare client objects
[ N 2025-09-10 17:19:05.8105 22785/Tf Ser/Server.h:552 ]: [ServerThr.4] Shutdown finished
[ N 2025-09-10 17:19:05.8105 22785/Tr Ser/Server.h:895 ]: [ServerThr.10] Freed 0 spare client objects
[ N 2025-09-10 17:19:05.8105 22785/Th Ser/Server.h:895 ]: [ServerThr.5] Freed 0 spare client objects
[ N 2025-09-10 17:19:05.8105 22785/Tb Ser/Server.h:895 ]: [ServerThr.2] Freed 0 spare client objects
[ N 2025-09-10 17:19:05.8106 22785/Tp Ser/Server.h:895 ]: [ServerThr.9] Freed 0 spare client objects
[ N 2025-09-10 17:19:05.8105 22785/Tl Ser/Server.h:895 ]: [ServerThr.7] Freed 0 spare client objects
[ N 2025-09-10 17:19:05.8106 22785/Tj Ser/Server.h:552 ]: [ServerThr.6] Shutdown finished
[ N 2025-09-10 17:19:05.8107 22785/Tb Ser/Server.h:552 ]: [ServerThr.2] Shutdown finished
[ N 2025-09-10 17:19:05.8106 22785/Tr Ser/Server.h:552 ]: [ServerThr.10] Shutdown finished
[ N 2025-09-10 17:19:05.8107 22785/Tt Ser/Server.h:895 ]: [ApiServer] Freed 0 spare client objects
[ N 2025-09-10 17:19:05.8108 22785/Tt Ser/Server.h:552 ]: [ApiServer] Shutdown finished
[ N 2025-09-10 17:19:05.8107 22785/Tp Ser/Server.h:552 ]: [ServerThr.9] Shutdown finished
[ N 2025-09-10 17:19:05.8106 22785/Th Ser/Server.h:552 ]: [ServerThr.5] Shutdown finished
[ N 2025-09-10 17:19:05.8107 22785/Tl Ser/Server.h:552 ]: [ServerThr.7] Shutdown finished
[ N 2025-09-10 17:19:05.8106 22785/Tn Ser/Server.h:895 ]: [ServerThr.8] Freed 0 spare client objects
[ N 2025-09-10 17:19:05.8108 22785/Tn Ser/Server.h:552 ]: [ServerThr.8] Shutdown finished
[ E 2025-09-10 17:19:10.8323 22785/T1 age/Cor/TelemetryCollector.h:455 ]: Error contacting anonymous telemetry server: Connection timed out after 5002 milliseconds
[ W 2025-09-10 17:19:21.9824 22687/T1 age/Wat/WatchdogMain.cpp:529 ]: Some Phusion Passenger(R) agent processes did not exit in time, forcefully shutting down all.
[ W 2025-09-10 17:19:35.8235 22871/T1 age/Wat/WatchdogMain.cpp:529 ]: Some Phusion Passenger(R) agent processes did not exit in time, forcefully shutting down all.
[ N 2025-09-10 17:19:42.7854 23882/T1 age/Wat/WatchdogMain.cpp:1365 ]: Starting Passenger watchdog...
[ N 2025-09-10 17:19:42.8031 23884/T1 age/Cor/CoreMain.cpp:1283 ]: Starting Passenger core...
[ N 2025-09-10 17:19:42.8033 23884/T1 age/Cor/CoreMain.cpp:244 ]: Passenger core running in multi-application mode.
[ N 2025-09-10 17:19:42.8206 23884/T1 age/Cor/CoreMain.cpp:961 ]: Passenger core online, PID 23884

[ N 2025-09-10 17:20:17.0591 23884/T9 age/Cor/CoreMain.cpp:659 ]: Signal received. Gracefully shutting down... (send signal 2 more time(s) to force shutdown)
[ N 2025-09-10 17:20:17.0592 23884/T1 age/Cor/CoreMain.cpp:1192 ]: Received command to shutdown gracefully. Waiting until all clients have disconnected...
[ N 2025-09-10 17:20:17.0593 23884/T1 age/Cor/CoreMain.cpp:1093 ]: Checking whether to disconnect long-running connections for process 23950, application /Users/spoddub/rails-playground (development)
[ N 2025-09-10 17:20:17.0595 23884/T9 Ser/Server.h:895 ]: [ServerThr.1] Freed 0 spare client objects
[ N 2025-09-10 17:20:17.0596 23884/Tb Ser/Server.h:895 ]: [ServerThr.2] Freed 0 spare client objects
[ N 2025-09-10 17:20:17.0596 23884/Tf Ser/Server.h:895 ]: [ServerThr.4] Freed 0 spare client objects
[ N 2025-09-10 17:20:17.0596 23884/Tb Ser/Server.h:552 ]: [ServerThr.2] Shutdown finished
[ N 2025-09-10 17:20:17.0596 23884/T9 Ser/Server.h:552 ]: [ServerThr.1] Shutdown finished
[ N 2025-09-10 17:20:17.0596 23884/Th Ser/Server.h:895 ]: [ServerThr.5] Freed 0 spare client objects
[ N 2025-09-10 17:20:17.0597 23884/Tf Ser/Server.h:552 ]: [ServerThr.4] Shutdown finished
[ N 2025-09-10 17:20:17.0596 23884/Td Ser/Server.h:895 ]: [ServerThr.3] Freed 0 spare client objects
[ N 2025-09-10 17:20:17.0597 23884/Tj Ser/Server.h:895 ]: [ServerThr.6] Freed 0 spare client objects
[ N 2025-09-10 17:20:17.0597 23884/Tj Ser/Server.h:552 ]: [ServerThr.6] Shutdown finished
[ N 2025-09-10 17:20:17.0597 23884/Tr Ser/Server.h:895 ]: [ServerThr.10] Freed 0 spare client objects
[ N 2025-09-10 17:20:17.0597 23884/Tr Ser/Server.h:552 ]: [ServerThr.10] Shutdown finished
[ N 2025-09-10 17:20:17.0597 23884/Tl Ser/Server.h:895 ]: [ServerThr.7] Freed 0 spare client objects
[ N 2025-09-10 17:20:17.0598 23884/Tp Ser/Server.h:895 ]: [ServerThr.9] Freed 0 spare client objects
[ N 2025-09-10 17:20:17.0598 23884/Tp Ser/Server.h:552 ]: [ServerThr.9] Shutdown finished
[ N 2025-09-10 17:20:17.0597 23884/Th Ser/Server.h:552 ]: [ServerThr.5] Shutdown finished
[ N 2025-09-10 17:20:17.0598 23884/Tl Ser/Server.h:552 ]: [ServerThr.7] Shutdown finished
[ N 2025-09-10 17:20:17.0597 23884/Tn Ser/Server.h:895 ]: [ServerThr.8] Freed 0 spare client objects
[ N 2025-09-10 17:20:17.0597 23884/Td Ser/Server.h:552 ]: [ServerThr.3] Shutdown finished
[ N 2025-09-10 17:20:17.0599 23884/Tt Ser/Server.h:895 ]: [ApiServer] Freed 0 spare client objects
[ N 2025-09-10 17:20:17.0599 23884/Tt Ser/Server.h:552 ]: [ApiServer] Shutdown finished
[ N 2025-09-10 17:20:17.0599 23884/Tn Ser/Server.h:552 ]: [ServerThr.8] Shutdown finished
[ N 2025-09-10 17:20:17.0600 23884/T1 age/Cor/CoreMain.cpp:1093 ]: Checking whether to disconnect long-running connections for process 23950, application /Users/spoddub/rails-playground (development)
[ N 2025-09-10 17:20:18.5661 24105/T1 age/Wat/WatchdogMain.cpp:1365 ]: Starting Passenger watchdog...
[ N 2025-09-10 17:20:18.5829 24107/T1 age/Cor/CoreMain.cpp:1283 ]: Starting Passenger core...
[ N 2025-09-10 17:20:18.5830 24107/T1 age/Cor/CoreMain.cpp:244 ]: Passenger core running in multi-application mode.
[ N 2025-09-10 17:20:18.5993 24107/T1 age/Cor/CoreMain.cpp:961 ]: Passenger core online, PID 24107
[ E 2025-09-10 17:20:22.1852 23884/T1 age/Cor/TelemetryCollector.h:455 ]: Error contacting anonymous telemetry server: Connection timed out after 5002 milliseconds
